{"numFailedTestSuites":0,"numFailedTests":0,"numPassedTestSuites":1,"numPassedTests":2,"numPendingTestSuites":0,"numPendingTests":0,"numRuntimeErrorTestSuites":0,"numTodoTests":0,"numTotalTestSuites":1,"numTotalTests":2,"openHandles":[],"snapshot":{"added":0,"didUpdate":false,"failure":false,"filesAdded":0,"filesRemoved":0,"filesRemovedList":[],"filesUnmatched":0,"filesUpdated":0,"matched":0,"total":0,"unchecked":0,"uncheckedKeysByFile":[],"unmatched":0,"updated":0},"startTime":1778882869855,"success":true,"testResults":[{"assertionResults":[{"ancestorTitles":["[GET] /items"],"duration":9,"failing":false,"failureDetails":[],"failureMessages":[],"fullName":"[GET] /items liste döner","invocations":1,"location":null,"numPassingAsserts":2,"retryReasons":[],"startAt":1778882870298,"status":"passed","title":"liste döner"},{"ancestorTitles":["[POST] /items"],"duration":9,"failing":false,"failureDetails":[],"failureMessages":[],"fullName":"[POST] /items yeni item ekler","invocations":1,"location":null,"numPassingAsserts":2,"retryReasons":[],"startAt":1778882870307,"status":"passed","title":"yeni item ekler"}],"endTime":1778882870317,"message":"","name":"/Users/yasarkorbulak/fsweb-s15g4-node-testing-project-2/api/items.test.js","startTime":1778882869914,"status":"passed","summary":""}],"wasInterrupted":false}
